OpenROAD 0.9.0 1415572a73
This program is licensed under the BSD-3 license. See the LICENSE file for details.
Components of this program may be licensed under more restrictive licenses which must be honored.
Notice 0: Reading LEF file:  /openLANE_flow/designs/picorv32a/runs/06-05_00-21/tmp/merged_unpadded.lef
Notice 0:     Created 13 technology layers
Notice 0:     Created 25 technology vias
Notice 0:     Created 441 library cells
Notice 0: Finished LEF file:  /openLANE_flow/designs/picorv32a/runs/06-05_00-21/tmp/merged_unpadded.lef
Notice 0: 
Reading DEF file: /openLANE_flow/designs/picorv32a/runs/06-05_00-21/tmp/placement/25-resizer.def
Notice 0: Design: picorv32a
Notice 0:     Created 409 pins.
Notice 0:     Created 13786 components and 109057 component-terminals.
Notice 0:     Created 15442 nets and 53871 connections.
Notice 0: Finished DEF file: /openLANE_flow/designs/picorv32a/runs/06-05_00-21/tmp/placement/25-resizer.def
[WARNING DPL-0011] Could not find power special net.
Design Stats
--------------------------------
total instances         13786
multi row instances         0
fixed instances             0
nets                    15442
design area          405208.6 u^2
fixed area                0.0 u^2
movable area         141534.5 u^2
utilization                35 %
utilization padded         52 %
rows                      234
row height                2.7 u

Placement Analysis
--------------------------------
total displacement        0.0 u
average displacement      0.0 u
max displacement          0.0 u
original HPWL        683631.1 u
legalized HPWL       696797.8 u
delta HPWL                  2 %

[INFO DPL-0020] Mirrored 5765 instances
[INFO DPL-0021] HPWL before          696797.8 u
[INFO DPL-0022] HPWL after           683631.1 u
[INFO DPL-0023] HPWL delta               -1.9 %
