OpenROAD 0.9.0 1415572a73
This program is licensed under the BSD-3 license. See the LICENSE file for details.
Components of this program may be licensed under more restrictive licenses which must be honored.
Notice 0: Reading LEF file:  /openLANE_flow/designs/picorv32a/runs/06-05_00-21/tmp/merged_unpadded.lef
Notice 0:     Created 13 technology layers
Notice 0:     Created 25 technology vias
Notice 0:     Created 441 library cells
Notice 0: Finished LEF file:  /openLANE_flow/designs/picorv32a/runs/06-05_00-21/tmp/merged_unpadded.lef
Notice 0: 
Reading DEF file: /openLANE_flow/designs/picorv32a/runs/06-05_00-21/tmp/placement/33-resizer.def
Notice 0: Design: picorv32a
Notice 0:     Created 409 pins.
Notice 0:     Created 14194 components and 111505 component-terminals.
Notice 0:     Created 15850 nets and 54687 connections.
Notice 0: Finished DEF file: /openLANE_flow/designs/picorv32a/runs/06-05_00-21/tmp/placement/33-resizer.def
[WARNING DPL-0011] Could not find power special net.
Design Stats
--------------------------------
total instances         14194
multi row instances         0
fixed instances             0
nets                    15850
design area          405208.6 u^2
fixed area                0.0 u^2
movable area         142997.1 u^2
utilization                35 %
utilization padded         53 %
rows                      234
row height                2.7 u

Placement Analysis
--------------------------------
total displacement        0.0 u
average displacement      0.0 u
max displacement          0.0 u
original HPWL        693617.4 u
legalized HPWL       706418.9 u
delta HPWL                  2 %

[INFO DPL-0020] Mirrored 5833 instances
[INFO DPL-0021] HPWL before          706418.9 u
[INFO DPL-0022] HPWL after           693617.4 u
[INFO DPL-0023] HPWL delta               -1.8 %
