
reading lef ...

units:       1000
#layers:     13
#macros:     441
#vias:       25
#viarulegen: 25

reading def ...
defIn read 10000 components
defIn read 20000 components
defIn read 30000 components
defIn read 40000 components
defIn read 10000 nets

design:      picorv32a
die area:    ( 0 0 ) ( 647725 658445 )
trackPts:    12
defvias:     4
#components: 43799
#terminals:  427
#snets:      2
#nets:       16145

reading guide ...
guideIn read 100000 guides

#guides:     116869
Warning: met2 does not have viaDef align with layer direction, generating new viaDef via2_FR...
Warning: met4 does not have viaDef align with layer direction, generating new viaDef via4_FR...
done initConstraintLayerIdx
List of default vias:
  Layer mcon
    default via: L1M1_PR_MR
  Layer via
    default via: M1M2_PR
  Layer via2
    default via: via2_FR
  Layer via3
    default via: M3M4_PR_M
  Layer via4
    default via: via4_FR
Writing reference output def...

libcell analysis ...

instance analysis ...
  complete 10000 instances
  complete 20000 instances
  complete 30000 instances
  complete 40000 instances
#unique instances = 273

init region query ...
  complete 10000 insts
  complete 20000 insts
  complete 30000 insts
  complete 40000 insts
  complete FR_MASTERSLICE
  complete FR_VIA
  complete li1
  complete mcon
  complete met1
  complete via
  complete met2
  complete via2
  complete met3
  complete via3
  complete met4
  complete via4
  complete met5

FR_MASTERSLICE shape region query size = 0
FR_VIA shape region query size = 0
li1 shape region query size = 604658
mcon shape region query size = 659504
met1 shape region query size = 117150
via shape region query size = 4232
met2 shape region query size = 2359
via2 shape region query size = 4232
met3 shape region query size = 2282
via3 shape region query size = 4232
met4 shape region query size = 1117
via4 shape region query size = 41
met5 shape region query size = 59


start pin access
  complete 100 pins
  complete 200 pins
  complete 300 pins
  complete 400 pins
  complete 500 pins
  complete 600 pins
  complete 700 pins
  complete 800 pins
  complete 900 pins
  complete 1000 pins
  complete 1052 pins
  complete 100 unique inst patterns
  complete 200 unique inst patterns
  complete 269 unique inst patterns
  complete 1000 groups
  complete 2000 groups
  complete 3000 groups
  complete 4000 groups
  complete 5000 groups
  complete 6000 groups
  complete 7000 groups
  complete 8000 groups
  complete 9000 groups
  complete 10000 groups
  complete 14226 groups
Expt1 runtime (pin-level access point gen): 1.6149
Expt2 runtime (design-level access pattern gen): 0.50567
#scanned instances     = 43799
#unique  instances     = 273
#stdCellGenAp          = 6197
#stdCellValidPlanarAp  = 54
#stdCellValidViaAp     = 4633
#stdCellPinNoAp        = 0
#stdCellPinCnt         = 55664
#instTermValidViaApCnt = 0
#macroGenAp            = 0
#macroValidPlanarAp    = 0
#macroValidViaAp       = 0
#macroNoAp             = 0

complete pin access
cpu time = 00:00:07, elapsed time = 00:00:02, memory = 119.47 (MB), peak = 133.30 (MB)

post process guides ...
GCELLGRID X 0 DO 95 STEP 6900 ;
GCELLGRID Y 0 DO 93 STEP 6900 ;
  complete 10000 orig guides
  complete 20000 orig guides
  complete 30000 orig guides
  complete 40000 orig guides
  complete 50000 orig guides
  complete 60000 orig guides
  complete 70000 orig guides
  complete 80000 orig guides
  complete 90000 orig guides
  complete 100000 orig guides
  complete FR_MASTERSLICE
  complete FR_VIA
  complete li1
  complete mcon
  complete met1
  complete via
  complete met2
  complete via2
  complete met3
  complete via3
  complete met4
  complete via4
  complete met5
  complete 10000 nets

building cmap ... 

init guide query ...
  complete 10000 nets (guide)
  complete FR_MASTERSLICE (guide)
  complete FR_VIA (guide)
  complete li1 (guide)
  complete mcon (guide)
  complete met1 (guide)
  complete via (guide)
  complete met2 (guide)
  complete via2 (guide)
  complete met3 (guide)
  complete via3 (guide)
  complete met4 (guide)
  complete via4 (guide)
  complete met5 (guide)

FR_MASTERSLICE guide region query size = 0
FR_VIA guide region query size = 0
li1 guide region query size = 43676
mcon guide region query size = 0
met1 guide region query size = 37421
via guide region query size = 0
met2 guide region query size = 20320
via2 guide region query size = 0
met3 guide region query size = 1017
via3 guide region query size = 0
met4 guide region query size = 176
via4 guide region query size = 0
met5 guide region query size = 0

init gr pin query ...


start track assignment
Done with 64172 vertical wires in 2 frboxes and 38438 horizontal wires in 2 frboxes.
Done with 10252 vertical wires in 2 frboxes and 14955 horizontal wires in 2 frboxes.

complete track assignment
cpu time = 00:00:09, elapsed time = 00:00:04, memory = 225.20 (MB), peak = 329.61 (MB)

post processing ...

start routing data preparation
initVia2ViaMinLen_minSpc li1 (d2d, d2u, u2d, u2u) = (0, 0, 0, 370)
initVia2ViaMinLen_minSpc met1 (d2d, d2u, u2d, u2u) = (430, 445, 445, 460)
initVia2ViaMinLen_minSpc met2 (d2d, d2u, u2d, u2u) = (460, 485, 485, 630)
initVia2ViaMinLen_minSpc met3 (d2d, d2u, u2d, u2u) = (630, 655, 655, 680)
initVia2ViaMinLen_minSpc met4 (d2d, d2u, u2d, u2u) = (630, 1055, 1055, 3020)
initVia2ViaMinLen_minSpc met5 (d2d, d2u, u2d, u2u) = (1480, 0, 0, 0)
initVia2ViaMinLen_minimumcut li1 (d2d, d2u, u2d, u2u) = (0, 0, 0, 370)
initVia2ViaMinLen_minimumcut li1 zerolen (b, b, b, b) = (1, 1, 1, 1)
initVia2ViaMinLen_minimumcut met1 (d2d, d2u, u2d, u2u) = (430, 445, 445, 460)
initVia2ViaMinLen_minimumcut met1 zerolen (b, b, b, b) = (1, 1, 1, 1)
initVia2ViaMinLen_minimumcut met2 (d2d, d2u, u2d, u2u) = (460, 485, 485, 630)
initVia2ViaMinLen_minimumcut met2 zerolen (b, b, b, b) = (1, 1, 1, 1)
initVia2ViaMinLen_minimumcut met3 (d2d, d2u, u2d, u2u) = (630, 655, 655, 680)
initVia2ViaMinLen_minimumcut met3 zerolen (b, b, b, b) = (1, 1, 1, 1)
initVia2ViaMinLen_minimumcut met4 (d2d, d2u, u2d, u2u) = (630, 1055, 1055, 3020)
initVia2ViaMinLen_minimumcut met4 zerolen (b, b, b, b) = (1, 1, 1, 1)
initVia2ViaMinLen_minimumcut met5 (d2d, d2u, u2d, u2u) = (1480, 0, 0, 0)
initVia2ViaMinLen_minimumcut met5 zerolen (b, b, b, b) = (1, 1, 1, 1)
initVia2ViaMinLenNew_minSpc li1 (d2d-x, d2d-y, d2u-x, d2u-y, u2d-x, u2d-y, u2u-x, u2u-y) = (0, 0, 0, 0, 0, 0, 430, 370)
initVia2ViaMinLenNew_minSpc met1 (d2d-x, d2d-y, d2u-x, d2u-y, u2d-x, u2d-y, u2u-x, u2u-y) = (430, 370, 445, 385, 445, 385, 460, 460)
initVia2ViaMinLenNew_minSpc met2 (d2d-x, d2d-y, d2u-x, d2u-y, u2d-x, u2d-y, u2u-x, u2u-y) = (460, 460, 410, 485, 410, 485, 630, 630)
initVia2ViaMinLenNew_minSpc met3 (d2d-x, d2d-y, d2u-x, d2u-y, u2d-x, u2d-y, u2u-x, u2u-y) = (630, 630, 655, 625, 655, 625, 680, 630)
initVia2ViaMinLenNew_minSpc met4 (d2d-x, d2d-y, d2u-x, d2u-y, u2d-x, u2d-y, u2u-x, u2u-y) = (680, 630, 1055, 1055, 1055, 1055, 3020, 3020)
initVia2ViaMinLenNew_minSpc met5 (d2d-x, d2d-y, d2u-x, d2u-y, u2d-x, u2d-y, u2u-x, u2u-y) = (1480, 1480, 0, 0, 0, 0, 0, 0)
initVia2ViaMinLenNew_minimumcut li1 (d2d-x, d2d-y, d2u-x, d2u-y, u2d-x, u2d-y, u2u-x, u2u-y) = (0, 0, 0, 0, 0, 0, 430, 370)
initVia2ViaMinLenNew_minimumcut met1 (d2d-x, d2d-y, d2u-x, d2u-y, u2d-x, u2d-y, u2u-x, u2u-y) = (430, 370, 445, 385, 445, 385, 460, 460)
initVia2ViaMinLenNew_minimumcut met2 (d2d-x, d2d-y, d2u-x, d2u-y, u2d-x, u2d-y, u2u-x, u2u-y) = (460, 460, 410, 485, 410, 485, 630, 630)
initVia2ViaMinLenNew_minimumcut met3 (d2d-x, d2d-y, d2u-x, d2u-y, u2d-x, u2d-y, u2u-x, u2u-y) = (630, 630, 655, 625, 655, 625, 680, 630)
initVia2ViaMinLenNew_minimumcut met4 (d2d-x, d2d-y, d2u-x, d2u-y, u2d-x, u2d-y, u2u-x, u2u-y) = (680, 630, 1055, 1055, 1055, 1055, 3020, 3020)
initVia2ViaMinLenNew_minimumcut met5 (d2d-x, d2d-y, d2u-x, d2u-y, u2d-x, u2d-y, u2u-x, u2u-y) = (1480, 1480, 0, 0, 0, 0, 0, 0)
initVia2ViaMinLenNew_cutSpc li1 (d2d-x, d2d-y, d2u-x, d2u-y, u2d-x, u2d-y, u2u-x, u2u-y) = (0, 0, 0, 0, 0, 0, 430, 370)
initVia2ViaMinLenNew_cutSpc met1 (d2d-x, d2d-y, d2u-x, d2u-y, u2d-x, u2d-y, u2u-x, u2u-y) = (430, 370, 445, 385, 445, 385, 460, 460)
initVia2ViaMinLenNew_cutSpc met2 (d2d-x, d2d-y, d2u-x, d2u-y, u2d-x, u2d-y, u2u-x, u2u-y) = (460, 460, 410, 485, 410, 485, 630, 630)
initVia2ViaMinLenNew_cutSpc met3 (d2d-x, d2d-y, d2u-x, d2u-y, u2d-x, u2d-y, u2u-x, u2u-y) = (630, 630, 655, 625, 655, 625, 680, 630)
initVia2ViaMinLenNew_cutSpc met4 (d2d-x, d2d-y, d2u-x, d2u-y, u2d-x, u2d-y, u2u-x, u2u-y) = (680, 630, 1055, 1055, 1055, 1055, 3020, 3020)
initVia2ViaMinLenNew_cutSpc met5 (d2d-x, d2d-y, d2u-x, d2u-y, u2d-x, u2d-y, u2u-x, u2u-y) = (1600, 1600, 0, 0, 0, 0, 0, 0)
cpu time = 00:00:00, elapsed time = 00:00:00, memory = 225.20 (MB), peak = 329.61 (MB)

start detail routing ...
start 0th optimization iteration ...
    completing 10% with 0 violations
    elapsed time = 00:00:05, memory = 346.40 (MB)
    completing 20% with 0 violations
    elapsed time = 00:00:15, memory = 357.39 (MB)
    completing 30% with 3554 violations
    elapsed time = 00:00:20, memory = 342.12 (MB)
    completing 40% with 3554 violations
    elapsed time = 00:00:29, memory = 363.81 (MB)
    completing 50% with 3554 violations
    elapsed time = 00:00:38, memory = 373.74 (MB)
    completing 60% with 7159 violations
    elapsed time = 00:00:46, memory = 372.76 (MB)
    completing 70% with 7159 violations
    elapsed time = 00:00:57, memory = 386.42 (MB)
    completing 80% with 10671 violations
    elapsed time = 00:01:05, memory = 366.16 (MB)
    completing 90% with 10671 violations
    elapsed time = 00:01:19, memory = 400.44 (MB)
    completing 100% with 14817 violations
    elapsed time = 00:01:29, memory = 259.75 (MB)
  number of violations = 17477
cpu time = 00:05:28, elapsed time = 00:01:31, memory = 635.89 (MB), peak = 636.09 (MB)
total wire length = 880106 um
total wire length on LAYER li1 = 614 um
total wire length on LAYER met1 = 398887 um
total wire length on LAYER met2 = 385037 um
total wire length on LAYER met3 = 74700 um
total wire length on LAYER met4 = 20867 um
total wire length on LAYER met5 = 0 um
total number of vias = 126184
up-via summary (total 126184):

-------------------------
 FR_MASTERSLICE         0
            li1     55294
           met1     66655
           met2      3778
           met3       457
           met4         0
-------------------------
                   126184


start 1st optimization iteration ...
    completing 10% with 17477 violations
    elapsed time = 00:00:05, memory = 748.41 (MB)
    completing 20% with 17477 violations
    elapsed time = 00:00:27, memory = 782.66 (MB)
    completing 30% with 14959 violations
    elapsed time = 00:00:44, memory = 726.03 (MB)
    completing 40% with 14959 violations
    elapsed time = 00:01:05, memory = 784.65 (MB)
    completing 50% with 14959 violations
    elapsed time = 00:01:31, memory = 796.13 (MB)
    completing 60% with 12603 violations
    elapsed time = 00:01:47, memory = 764.59 (MB)
    completing 70% with 12603 violations
    elapsed time = 00:02:11, memory = 787.19 (MB)
    completing 80% with 10506 violations
    elapsed time = 00:02:24, memory = 762.70 (MB)
    completing 90% with 10506 violations
    elapsed time = 00:02:47, memory = 792.72 (MB)
    completing 100% with 8650 violations
    elapsed time = 00:03:05, memory = 635.51 (MB)
  number of violations = 8654
cpu time = 00:11:18, elapsed time = 00:03:06, memory = 635.51 (MB), peak = 796.22 (MB)
total wire length = 875946 um
total wire length on LAYER li1 = 550 um
total wire length on LAYER met1 = 395911 um
total wire length on LAYER met2 = 382367 um
total wire length on LAYER met3 = 76344 um
total wire length on LAYER met4 = 20771 um
total wire length on LAYER met5 = 0 um
total number of vias = 126272
up-via summary (total 126272):

-------------------------
 FR_MASTERSLICE         0
            li1     55287
           met1     66452
           met2      4084
           met3       449
           met4         0
-------------------------
                   126272


start 2nd optimization iteration ...
    completing 10% with 8654 violations
    elapsed time = 00:00:03, memory = 749.63 (MB)
    completing 20% with 8654 violations
    elapsed time = 00:00:12, memory = 771.97 (MB)
    completing 30% with 8585 violations
    elapsed time = 00:00:21, memory = 723.93 (MB)
    completing 40% with 8585 violations
    elapsed time = 00:00:28, memory = 779.80 (MB)
    completing 50% with 8585 violations
    elapsed time = 00:00:40, memory = 785.29 (MB)
    completing 60% with 8518 violations
    elapsed time = 00:00:46, memory = 771.45 (MB)
    completing 70% with 8518 violations
    elapsed time = 00:00:55, memory = 779.55 (MB)
    completing 80% with 8448 violations
    elapsed time = 00:01:01, memory = 735.51 (MB)
    completing 90% with 8448 violations
    elapsed time = 00:01:11, memory = 774.23 (MB)
    completing 100% with 8370 violations
    elapsed time = 00:01:21, memory = 635.32 (MB)
  number of violations = 8375
cpu time = 00:04:58, elapsed time = 00:01:22, memory = 635.32 (MB), peak = 800.98 (MB)
total wire length = 873900 um
total wire length on LAYER li1 = 545 um
total wire length on LAYER met1 = 395025 um
total wire length on LAYER met2 = 381352 um
total wire length on LAYER met3 = 75891 um
total wire length on LAYER met4 = 21084 um
total wire length on LAYER met5 = 0 um
total number of vias = 125477
up-via summary (total 125477):

-------------------------
 FR_MASTERSLICE         0
            li1     55298
           met1     65625
           met2      4086
           met3       468
           met4         0
-------------------------
                   125477


start 3rd optimization iteration ...
    completing 10% with 8375 violations
    elapsed time = 00:00:03, memory = 766.29 (MB)
    completing 20% with 8375 violations
    elapsed time = 00:00:11, memory = 797.47 (MB)
    completing 30% with 6649 violations
    elapsed time = 00:00:14, memory = 731.61 (MB)
    completing 40% with 6649 violations
    elapsed time = 00:00:21, memory = 779.97 (MB)
    completing 50% with 6649 violations
    elapsed time = 00:00:26, memory = 789.97 (MB)
    completing 60% with 4842 violations
    elapsed time = 00:00:31, memory = 779.44 (MB)
    completing 70% with 4842 violations
    elapsed time = 00:00:36, memory = 788.21 (MB)
    completing 80% with 2868 violations
    elapsed time = 00:00:40, memory = 785.07 (MB)
    completing 90% with 2868 violations
    elapsed time = 00:00:48, memory = 791.36 (MB)
    completing 100% with 804 violations
    elapsed time = 00:00:51, memory = 644.88 (MB)
  number of violations = 805
cpu time = 00:03:14, elapsed time = 00:00:52, memory = 644.88 (MB), peak = 805.79 (MB)
total wire length = 871059 um
total wire length on LAYER li1 = 526 um
total wire length on LAYER met1 = 361624 um
total wire length on LAYER met2 = 378129 um
total wire length on LAYER met3 = 106605 um
total wire length on LAYER met4 = 24172 um
total wire length on LAYER met5 = 0 um
total number of vias = 128642
up-via summary (total 128642):

-------------------------
 FR_MASTERSLICE         0
            li1     55209
           met1     65514
           met2      7209
           met3       710
           met4         0
-------------------------
                   128642


start 4th optimization iteration ...
    completing 10% with 805 violations
    elapsed time = 00:00:00, memory = 755.22 (MB)
    completing 20% with 805 violations
    elapsed time = 00:00:02, memory = 783.33 (MB)
    completing 30% with 595 violations
    elapsed time = 00:00:04, memory = 683.36 (MB)
    completing 40% with 595 violations
    elapsed time = 00:00:05, memory = 785.48 (MB)
    completing 50% with 595 violations
    elapsed time = 00:00:07, memory = 785.68 (MB)
    completing 60% with 416 violations
    elapsed time = 00:00:08, memory = 756.38 (MB)
    completing 70% with 416 violations
    elapsed time = 00:00:09, memory = 786.60 (MB)
    completing 80% with 261 violations
    elapsed time = 00:00:11, memory = 739.39 (MB)
    completing 90% with 261 violations
    elapsed time = 00:00:12, memory = 765.07 (MB)
    completing 100% with 28 violations
    elapsed time = 00:00:13, memory = 765.33 (MB)
  number of violations = 28
cpu time = 00:00:43, elapsed time = 00:00:13, memory = 765.33 (MB), peak = 805.79 (MB)
total wire length = 871003 um
total wire length on LAYER li1 = 596 um
total wire length on LAYER met1 = 359936 um
total wire length on LAYER met2 = 377804 um
total wire length on LAYER met3 = 108278 um
total wire length on LAYER met4 = 24387 um
total wire length on LAYER met5 = 0 um
total number of vias = 128776
up-via summary (total 128776):

-------------------------
 FR_MASTERSLICE         0
            li1     55215
           met1     65469
           met2      7371
           met3       721
           met4         0
-------------------------
                   128776


start 5th optimization iteration ...
    completing 10% with 28 violations
    elapsed time = 00:00:00, memory = 765.33 (MB)
    completing 20% with 28 violations
    elapsed time = 00:00:00, memory = 765.39 (MB)
    completing 30% with 27 violations
    elapsed time = 00:00:01, memory = 765.39 (MB)
    completing 40% with 27 violations
    elapsed time = 00:00:01, memory = 765.62 (MB)
    completing 50% with 27 violations
    elapsed time = 00:00:02, memory = 765.62 (MB)
    completing 60% with 25 violations
    elapsed time = 00:00:02, memory = 765.62 (MB)
    completing 70% with 25 violations
    elapsed time = 00:00:03, memory = 765.62 (MB)
    completing 80% with 3 violations
    elapsed time = 00:00:03, memory = 765.62 (MB)
    completing 90% with 3 violations
    elapsed time = 00:00:04, memory = 775.16 (MB)
    completing 100% with 0 violations
    elapsed time = 00:00:04, memory = 722.04 (MB)
  number of violations = 0
cpu time = 00:00:16, elapsed time = 00:00:04, memory = 722.04 (MB), peak = 805.79 (MB)
total wire length = 871012 um
total wire length on LAYER li1 = 596 um
total wire length on LAYER met1 = 359844 um
total wire length on LAYER met2 = 377808 um
total wire length on LAYER met3 = 108375 um
total wire length on LAYER met4 = 24387 um
total wire length on LAYER met5 = 0 um
total number of vias = 128786
up-via summary (total 128786):

-------------------------
 FR_MASTERSLICE         0
            li1     55217
           met1     65469
           met2      7379
           met3       721
           met4         0
-------------------------
                   128786


start 17th optimization iteration ...
    completing 10% with 0 violations
    elapsed time = 00:00:00, memory = 734.41 (MB)
    completing 20% with 0 violations
    elapsed time = 00:00:00, memory = 734.41 (MB)
    completing 30% with 0 violations
    elapsed time = 00:00:01, memory = 734.54 (MB)
    completing 40% with 0 violations
    elapsed time = 00:00:01, memory = 734.79 (MB)
    completing 50% with 0 violations
    elapsed time = 00:00:01, memory = 734.79 (MB)
    completing 60% with 0 violations
    elapsed time = 00:00:02, memory = 734.79 (MB)
    completing 70% with 0 violations
    elapsed time = 00:00:02, memory = 734.79 (MB)
    completing 80% with 0 violations
    elapsed time = 00:00:03, memory = 734.79 (MB)
    completing 90% with 0 violations
    elapsed time = 00:00:03, memory = 734.97 (MB)
    completing 100% with 0 violations
    elapsed time = 00:00:03, memory = 734.97 (MB)
  number of violations = 0
cpu time = 00:00:13, elapsed time = 00:00:03, memory = 734.97 (MB), peak = 805.79 (MB)
total wire length = 871012 um
total wire length on LAYER li1 = 596 um
total wire length on LAYER met1 = 359844 um
total wire length on LAYER met2 = 377808 um
total wire length on LAYER met3 = 108375 um
total wire length on LAYER met4 = 24387 um
total wire length on LAYER met5 = 0 um
total number of vias = 128786
up-via summary (total 128786):

-------------------------
 FR_MASTERSLICE         0
            li1     55217
           met1     65469
           met2      7379
           met3       721
           met4         0
-------------------------
                   128786


start 25th optimization iteration ...
    completing 10% with 0 violations
    elapsed time = 00:00:00, memory = 734.97 (MB)
    completing 20% with 0 violations
    elapsed time = 00:00:00, memory = 734.97 (MB)
    completing 30% with 0 violations
    elapsed time = 00:00:01, memory = 734.97 (MB)
    completing 40% with 0 violations
    elapsed time = 00:00:01, memory = 734.97 (MB)
    completing 50% with 0 violations
    elapsed time = 00:00:01, memory = 734.97 (MB)
    completing 60% with 0 violations
    elapsed time = 00:00:02, memory = 734.97 (MB)
    completing 70% with 0 violations
    elapsed time = 00:00:02, memory = 734.97 (MB)
    completing 80% with 0 violations
    elapsed time = 00:00:03, memory = 734.97 (MB)
    completing 90% with 0 violations
    elapsed time = 00:00:03, memory = 734.97 (MB)
    completing 100% with 0 violations
    elapsed time = 00:00:04, memory = 734.97 (MB)
  number of violations = 0
cpu time = 00:00:14, elapsed time = 00:00:04, memory = 734.97 (MB), peak = 805.79 (MB)
total wire length = 871012 um
total wire length on LAYER li1 = 596 um
total wire length on LAYER met1 = 359844 um
total wire length on LAYER met2 = 377808 um
total wire length on LAYER met3 = 108375 um
total wire length on LAYER met4 = 24387 um
total wire length on LAYER met5 = 0 um
total number of vias = 128786
up-via summary (total 128786):

-------------------------
 FR_MASTERSLICE         0
            li1     55217
           met1     65469
           met2      7379
           met3       721
           met4         0
-------------------------
                   128786


start 33rd optimization iteration ...
    completing 10% with 0 violations
    elapsed time = 00:00:00, memory = 734.97 (MB)
    completing 20% with 0 violations
    elapsed time = 00:00:00, memory = 734.97 (MB)
    completing 30% with 0 violations
    elapsed time = 00:00:01, memory = 734.97 (MB)
    completing 40% with 0 violations
    elapsed time = 00:00:01, memory = 734.97 (MB)
    completing 50% with 0 violations
    elapsed time = 00:00:02, memory = 734.97 (MB)
    completing 60% with 0 violations
    elapsed time = 00:00:02, memory = 734.97 (MB)
    completing 70% with 0 violations
    elapsed time = 00:00:03, memory = 734.97 (MB)
    completing 80% with 0 violations
    elapsed time = 00:00:03, memory = 734.97 (MB)
    completing 90% with 0 violations
    elapsed time = 00:00:04, memory = 734.97 (MB)
    completing 100% with 0 violations
    elapsed time = 00:00:04, memory = 734.97 (MB)
  number of violations = 0
cpu time = 00:00:16, elapsed time = 00:00:04, memory = 734.97 (MB), peak = 805.79 (MB)
total wire length = 871012 um
total wire length on LAYER li1 = 596 um
total wire length on LAYER met1 = 359844 um
total wire length on LAYER met2 = 377808 um
total wire length on LAYER met3 = 108375 um
total wire length on LAYER met4 = 24387 um
total wire length on LAYER met5 = 0 um
total number of vias = 128786
up-via summary (total 128786):

-------------------------
 FR_MASTERSLICE         0
            li1     55217
           met1     65469
           met2      7379
           met3       721
           met4         0
-------------------------
                   128786


start 41st optimization iteration ...
    completing 10% with 0 violations
    elapsed time = 00:00:00, memory = 734.97 (MB)
    completing 20% with 0 violations
    elapsed time = 00:00:00, memory = 734.97 (MB)
    completing 30% with 0 violations
    elapsed time = 00:00:01, memory = 734.97 (MB)
    completing 40% with 0 violations
    elapsed time = 00:00:01, memory = 734.97 (MB)
    completing 50% with 0 violations
    elapsed time = 00:00:02, memory = 734.97 (MB)
    completing 60% with 0 violations
    elapsed time = 00:00:02, memory = 734.97 (MB)
    completing 70% with 0 violations
    elapsed time = 00:00:03, memory = 734.97 (MB)
    completing 80% with 0 violations
    elapsed time = 00:00:03, memory = 734.97 (MB)
    completing 90% with 0 violations
    elapsed time = 00:00:04, memory = 734.97 (MB)
    completing 100% with 0 violations
    elapsed time = 00:00:04, memory = 734.97 (MB)
  number of violations = 0
cpu time = 00:00:16, elapsed time = 00:00:04, memory = 734.97 (MB), peak = 805.79 (MB)
total wire length = 871012 um
total wire length on LAYER li1 = 596 um
total wire length on LAYER met1 = 359844 um
total wire length on LAYER met2 = 377808 um
total wire length on LAYER met3 = 108375 um
total wire length on LAYER met4 = 24387 um
total wire length on LAYER met5 = 0 um
total number of vias = 128786
up-via summary (total 128786):

-------------------------
 FR_MASTERSLICE         0
            li1     55217
           met1     65469
           met2      7379
           met3       721
           met4         0
-------------------------
                   128786


start 49th optimization iteration ...
    completing 10% with 0 violations
    elapsed time = 00:00:00, memory = 734.97 (MB)
    completing 20% with 0 violations
    elapsed time = 00:00:00, memory = 734.97 (MB)
    completing 30% with 0 violations
    elapsed time = 00:00:01, memory = 734.97 (MB)
    completing 40% with 0 violations
    elapsed time = 00:00:01, memory = 734.97 (MB)
    completing 50% with 0 violations
    elapsed time = 00:00:02, memory = 734.97 (MB)
    completing 60% with 0 violations
    elapsed time = 00:00:02, memory = 734.97 (MB)
    completing 70% with 0 violations
    elapsed time = 00:00:03, memory = 734.97 (MB)
    completing 80% with 0 violations
    elapsed time = 00:00:03, memory = 734.97 (MB)
    completing 90% with 0 violations
    elapsed time = 00:00:04, memory = 734.97 (MB)
    completing 100% with 0 violations
    elapsed time = 00:00:04, memory = 734.97 (MB)
  number of violations = 0
cpu time = 00:00:16, elapsed time = 00:00:04, memory = 734.97 (MB), peak = 805.79 (MB)
total wire length = 871012 um
total wire length on LAYER li1 = 596 um
total wire length on LAYER met1 = 359844 um
total wire length on LAYER met2 = 377808 um
total wire length on LAYER met3 = 108375 um
total wire length on LAYER met4 = 24387 um
total wire length on LAYER met5 = 0 um
total number of vias = 128786
up-via summary (total 128786):

-------------------------
 FR_MASTERSLICE         0
            li1     55217
           met1     65469
           met2      7379
           met3       721
           met4         0
-------------------------
                   128786


start 57th optimization iteration ...
    completing 10% with 0 violations
    elapsed time = 00:00:00, memory = 734.97 (MB)
    completing 20% with 0 violations
    elapsed time = 00:00:00, memory = 734.97 (MB)
    completing 30% with 0 violations
    elapsed time = 00:00:01, memory = 734.97 (MB)
    completing 40% with 0 violations
    elapsed time = 00:00:01, memory = 734.97 (MB)
    completing 50% with 0 violations
    elapsed time = 00:00:02, memory = 734.97 (MB)
    completing 60% with 0 violations
    elapsed time = 00:00:02, memory = 734.97 (MB)
    completing 70% with 0 violations
    elapsed time = 00:00:03, memory = 734.97 (MB)
    completing 80% with 0 violations
    elapsed time = 00:00:03, memory = 734.97 (MB)
    completing 90% with 0 violations
    elapsed time = 00:00:04, memory = 734.97 (MB)
    completing 100% with 0 violations
    elapsed time = 00:00:04, memory = 734.97 (MB)
  number of violations = 0
cpu time = 00:00:16, elapsed time = 00:00:04, memory = 734.97 (MB), peak = 805.79 (MB)
total wire length = 871012 um
total wire length on LAYER li1 = 596 um
total wire length on LAYER met1 = 359844 um
total wire length on LAYER met2 = 377808 um
total wire length on LAYER met3 = 108375 um
total wire length on LAYER met4 = 24387 um
total wire length on LAYER met5 = 0 um
total number of vias = 128786
up-via summary (total 128786):

-------------------------
 FR_MASTERSLICE         0
            li1     55217
           met1     65469
           met2      7379
           met3       721
           met4         0
-------------------------
                   128786


complete detail routing
total wire length = 871012 um
total wire length on LAYER li1 = 596 um
total wire length on LAYER met1 = 359844 um
total wire length on LAYER met2 = 377808 um
total wire length on LAYER met3 = 108375 um
total wire length on LAYER met4 = 24387 um
total wire length on LAYER met5 = 0 um
total number of vias = 128786
up-via summary (total 128786):

-------------------------
 FR_MASTERSLICE         0
            li1     55217
           met1     65469
           met2      7379
           met3       721
           met4         0
-------------------------
                   128786

cpu time = 00:27:32, elapsed time = 00:07:37, memory = 734.97 (MB), peak = 805.79 (MB)

post processing ...

Runtime taken (hrt): 466.512
