[INFO]: Current run directory is /openLANE_flow/designs/picorv32a/runs/05-05_23-25
[INFO]: Preparing LEF Files
[INFO]: Extracting the number of available metal layers from /home/vsduser/Desktop/work/tools/openlane_working_dir/pdks/sky130A/libs.ref/sky130_fd_sc_hd/techlef/sky130_fd_sc_hd.tlef
[INFO]: The number of available metal layers is 6
[INFO]: The available metal layers are li1 met1 met2 met3 met4 met5
[INFO]: Merging LEF Files...
[INFO]: Merging the following extra LEFs: /openLANE_flow/designs/picorv32a/src/sky130_inv.lef
[INFO]: Trimming Liberty...
[INFO]: Generating Exclude List...
[INFO]: Storing configs into config.tcl ...
[INFO]: Preparation complete
[INFO]: Running Placement...
[INFO]: Running Global Placement...
[INFO]: current step index: 11
[INFO]: Global placement was successful
[INFO]: Changing layout from /openLANE_flow/designs/picorv32a/runs/05-05_23-08/tmp/placement/9-replace.def to /openLANE_flow/designs/picorv32a/runs/05-05_23-25/tmp/placement/11-replace.def
[INFO]: Skipping OpenPhySyn Timing Optimizations.
[INFO]: Running Resizer Design Optimizations...
[INFO]: Generating Exclude List...
[INFO]: Creating ::env(DONT_USE_CELLS)...
[INFO]: Changing layout from /openLANE_flow/designs/picorv32a/runs/05-05_23-25/tmp/placement/11-replace.def to /openLANE_flow/designs/picorv32a/runs/05-05_23-25/tmp/placement/11-resizer.def
[INFO]: Writing Verilog...
[INFO]: current step index: 12
[INFO]: Changing netlist from /openLANE_flow/designs/picorv32a/runs/05-05_23-08/results/synthesis/picorv32a.synthesis.v to /openLANE_flow/designs/picorv32a/runs/05-05_23-25/results/synthesis/picorv32a.synthesis_optimized.v
[INFO]: Running Static Timing Analysis...
[INFO]: current step index: 13
[INFO]: Running Detailed Placement...
[INFO]: current step index: 14
[INFO]: Changing layout from /openLANE_flow/designs/picorv32a/runs/05-05_23-25/tmp/placement/11-resizer.def to /openLANE_flow/designs/picorv32a/runs/05-05_23-25/results/placement/picorv32a.placement.def
[INFO]: Changing layout from /openLANE_flow/designs/picorv32a/runs/05-05_23-25/results/placement/picorv32a.placement.def to /openLANE_flow/designs/picorv32a/runs/05-05_23-25/results/placement/picorv32a.placement.def
[INFO]: Taking a Screenshot of the Layout Using Klayout...
[INFO]: current step index: 15
[INFO]: Screenshot taken.
[INFO]: Running Placement...
[INFO]: Running Global Placement...
[INFO]: current step index: 16
[ERROR]: during executing: "openroad -exit /openLANE_flow/scripts/openroad/or_replace.tcl |& tee >&@stdout /openLANE_flow/designs/picorv32a/runs/05-05_23-25/logs/placement/16-replace.log"
[ERROR]: Exit code: 1
[ERROR]: Last 10 lines:
child process exited abnormally

[ERROR]: Please check openroad  log file
[ERROR]: Dumping to /openLANE_flow/designs/picorv32a/runs/05-05_23-25/error.log
[INFO]: Running Placement...
[INFO]: Running Global Placement...
[INFO]: current step index: 17
[ERROR]: during executing: "openroad -exit /openLANE_flow/scripts/openroad/or_replace.tcl |& tee >&@stdout /openLANE_flow/designs/picorv32a/runs/05-05_23-25/logs/placement/17-replace.log"
[ERROR]: Exit code: 1
[ERROR]: Last 10 lines:
child process exited abnormally

[ERROR]: Please check openroad  log file
[ERROR]: Dumping to /openLANE_flow/designs/picorv32a/runs/05-05_23-25/error.log
[INFO]: Running Floorplanning...
[INFO]: Running Initial Floorplanning...
[INFO]: current step index: 18
[ERROR]: during executing: "openroad -exit /openLANE_flow/scripts/openroad/or_floorplan.tcl |& tee >&@stdout /openLANE_flow/designs/picorv32a/runs/05-05_23-25/logs/floorplan/18-verilog2def.openroad.log"
[ERROR]: Exit code: 1
[ERROR]: Last 10 lines:
child process exited abnormally

[ERROR]: Please check openroad  log file
[ERROR]: Dumping to /openLANE_flow/designs/picorv32a/runs/05-05_23-25/error.log
[INFO]: Using design configuration at /openLANE_flow/designs/picorv32a/config.tcl
[INFO]: Sourcing Configurations from /openLANE_flow/designs/picorv32a/config.tcl
[INFO]: PDKs root directory: /home/vsduser/Desktop/work/tools/openlane_working_dir/pdks
[INFO]: PDK: sky130A
[INFO]: Setting PDKPATH to /home/vsduser/Desktop/work/tools/openlane_working_dir/pdks/sky130A
[INFO]: Standard Cell Library: sky130_fd_sc_hd
[INFO]: Sourcing Configurations from /openLANE_flow/designs/picorv32a/config.tcl
