[INFO]: Current run directory is /openLANE_flow/designs/picorv32a/runs/04-05_06-28
[INFO]: Preparing LEF Files
[INFO]: Extracting the number of available metal layers from /home/vsduser/Desktop/work/tools/openlane_working_dir/pdks/sky130A/libs.ref/sky130_fd_sc_hd/techlef/sky130_fd_sc_hd.tlef
[INFO]: The number of available metal layers is 6
[INFO]: The available metal layers are li1 met1 met2 met3 met4 met5
[INFO]: Merging LEF Files...
[INFO]: Trimming Liberty...
[INFO]: Generating Exclude List...
[INFO]: Storing configs into config.tcl ...
[INFO]: Preparation complete
[INFO]: Running Placement...
[INFO]: Running Global Placement...
[INFO]: current step index: 1
[ERROR]: during executing: "openroad -exit /openLANE_flow/scripts/openroad/or_replace.tcl |& tee >&@stdout /openLANE_flow/designs/picorv32a/runs/04-05_06-28/logs/placement/1-replace.log"
[ERROR]: Exit code: 1
[ERROR]: Last 10 lines:
child process exited abnormally

[ERROR]: Please check openroad  log file
[ERROR]: Dumping to /openLANE_flow/designs/picorv32a/runs/04-05_06-28/error.log
[INFO]: Calculating Runtime From the Start...
[INFO]: Flow failed for picorv32a/04-05_06-28 in 0h22m32s
[INFO]: Generating Final Summary Report...
[INFO]: Design Name: picorv32a
Run Directory: /openLANE_flow/designs/picorv32a/runs/04-05_06-28
Source not found.
----------------------------------------

LVS Summary:
Source: /openLANE_flow/designs/picorv32a/runs/04-05_06-28/results/lvs/picorv32a.lvs_parsed.gds.log
Source not found.
----------------------------------------

Antenna Summary:
No antenna report found.
[INFO]: check full report here: /openLANE_flow/designs/picorv32a/runs/04-05_06-28/reports/final_summary_report.csv
[ERROR]: Flow Failed.
[INFO]: Using design configuration at /openLANE_flow/designs/picorv32a/config.tcl
[INFO]: Sourcing Configurations from /openLANE_flow/designs/picorv32a/config.tcl
[INFO]: PDKs root directory: /home/vsduser/Desktop/work/tools/openlane_working_dir/pdks
[INFO]: PDK: sky130A
[INFO]: Setting PDKPATH to /home/vsduser/Desktop/work/tools/openlane_working_dir/pdks/sky130A
[INFO]: Standard Cell Library: sky130_fd_sc_hd
[INFO]: Sourcing Configurations from /openLANE_flow/designs/picorv32a/config.tcl
