Startpoint: _26994_ (rising edge-triggered flip-flop clocked by clk)
Endpoint: _26994_ (rising edge-triggered flip-flop clocked by clk)
Path Group: clk
Path Type: min

Fanout     Cap    Slew   Delay    Time   Description
-----------------------------------------------------------------------------
                  0.00    0.00    0.00   clock clk (rise edge)
                          0.00    0.00   clock network delay (ideal)
                  0.00    0.00    0.00 ^ _26994_/CLK (sky130_fd_sc_hd__dfxtp_1)
                  0.01    0.16    0.16 ^ _26994_/Q (sky130_fd_sc_hd__dfxtp_1)
     3    0.00                           instr_lbu (net)
                  0.01    0.00    0.16 ^ _15371_/B1 (sky130_fd_sc_hd__a32o_1)
                  0.03    0.06    0.22 ^ _15371_/X (sky130_fd_sc_hd__a32o_1)
     1    0.00                           _03160_ (net)
                  0.03    0.00    0.22 ^ _26994_/D (sky130_fd_sc_hd__dfxtp_1)
                                  0.22   data arrival time

                  0.00    0.00    0.00   clock clk (rise edge)
                          0.00    0.00   clock network delay (ideal)
                          0.00    0.00   clock reconvergence pessimism
                                  0.00 ^ _26994_/CLK (sky130_fd_sc_hd__dfxtp_1)
                         -0.02   -0.02   library hold time
                                 -0.02   data required time
-----------------------------------------------------------------------------
                                 -0.02   data required time
                                 -0.22   data arrival time
-----------------------------------------------------------------------------
                                  0.23   slack (MET)


Startpoint: _27882_ (rising edge-triggered flip-flop clocked by clk)
Endpoint: _27762_ (rising edge-triggered flip-flop clocked by clk)
Path Group: clk
Path Type: max

Fanout     Cap    Slew   Delay    Time   Description
-----------------------------------------------------------------------------
                  0.00    0.00    0.00   clock clk (rise edge)
                          0.00    0.00   clock network delay (ideal)
                  0.00    0.00    0.00 ^ _27882_/CLK (sky130_fd_sc_hd__dfxtp_4)
                  0.24    0.80    0.80 ^ _27882_/Q (sky130_fd_sc_hd__dfxtp_4)
     6    0.05                           irq_mask[23] (net)
                  0.24    0.00    0.80 ^ _13155_/B1 (sky130_fd_sc_hd__o22ai_1)
                  0.12    0.22    1.02 v _13155_/Y (sky130_fd_sc_hd__o22ai_1)
     1    0.00                           _10557_ (net)
                  0.12    0.00    1.02 v _13156_/C1 (sky130_fd_sc_hd__a221o_2)
                  0.20    0.73    1.74 v _13156_/X (sky130_fd_sc_hd__a221o_2)
     1    0.03                           _10558_ (net)
                  0.20    0.00    1.75 v _13157_/D (sky130_fd_sc_hd__or4_4)
                  0.15    0.88    2.62 v _13157_/X (sky130_fd_sc_hd__or4_4)
     1    0.00                           _10559_ (net)
                  0.15    0.00    2.62 v _13160_/A2 (sky130_fd_sc_hd__o2111a_1)
                  0.08    0.43    3.06 v _13160_/X (sky130_fd_sc_hd__o2111a_1)
     2    0.00                           _10562_ (net)
                  0.08    0.00    3.06 v _13161_/C (sky130_fd_sc_hd__or3_4)
                  0.13    0.68    3.73 v _13161_/X (sky130_fd_sc_hd__or3_4)
     2    0.01                           _10563_ (net)
                  0.13    0.00    3.73 v _13164_/A (sky130_fd_sc_hd__or2_1)
                  0.12    0.54    4.28 v _13164_/X (sky130_fd_sc_hd__or2_1)
     2    0.00                           _10565_ (net)
                  0.12    0.00    4.28 v _13165_/C (sky130_fd_sc_hd__or3_4)
                  0.14    0.70    4.97 v _13165_/X (sky130_fd_sc_hd__or3_4)
     4    0.01                           _10566_ (net)
                  0.14    0.00    4.97 v _13690_/B (sky130_fd_sc_hd__or2_2)
                  0.11    0.64    5.61 v _13690_/X (sky130_fd_sc_hd__or2_2)
     4    0.00                           _10910_ (net)
                  0.11    0.00    5.61 v _13691_/C (sky130_fd_sc_hd__or3_2)
                  0.16    0.96    6.57 v _13691_/X (sky130_fd_sc_hd__or3_2)
     1    0.00                           _10911_ (net)
                  0.16    0.00    6.57 v _13692_/B (sky130_fd_sc_hd__or2_2)
                  0.17    0.74    7.31 v _13692_/X (sky130_fd_sc_hd__or2_2)
     3    0.01                           _10912_ (net)
                  0.17    0.00    7.31 v _13693_/B (sky130_fd_sc_hd__or2_1)
                  0.09    0.48    7.79 v _13693_/X (sky130_fd_sc_hd__or2_1)
     1    0.00                           _10913_ (net)
                  0.09    0.00    7.79 v _13694_/B (sky130_fd_sc_hd__or2_2)
                  0.15    0.69    8.48 v _13694_/X (sky130_fd_sc_hd__or2_2)
     3    0.01                           _10914_ (net)
                  0.15    0.00    8.48 v _13695_/B (sky130_fd_sc_hd__or2_1)
                  0.09    0.48    8.95 v _13695_/X (sky130_fd_sc_hd__or2_1)
     1    0.00                           _10915_ (net)
                  0.09    0.00    8.95 v _13696_/B (sky130_fd_sc_hd__or2_1)
                  0.14    0.52    9.48 v _13696_/X (sky130_fd_sc_hd__or2_1)
     3    0.01                           _10916_ (net)
                  0.14    0.00    9.48 v _13697_/B (sky130_fd_sc_hd__or2_1)
                  0.09    0.47    9.95 v _13697_/X (sky130_fd_sc_hd__or2_1)
     1    0.00                           _10917_ (net)
                  0.09    0.00    9.95 v _13698_/B (sky130_fd_sc_hd__or2_2)
                  0.11    0.61   10.56 v _13698_/X (sky130_fd_sc_hd__or2_2)
     3    0.00                           _10918_ (net)
                  0.11    0.00   10.56 v _13699_/B (sky130_fd_sc_hd__or2_1)
                  0.09    0.46   11.02 v _13699_/X (sky130_fd_sc_hd__or2_1)
     1    0.00                           _10919_ (net)
                  0.09    0.00   11.02 v _13700_/B (sky130_fd_sc_hd__or2_1)
                  0.12    0.50   11.51 v _13700_/X (sky130_fd_sc_hd__or2_1)
     3    0.01                           _10920_ (net)
                  0.12    0.00   11.51 v _13701_/B (sky130_fd_sc_hd__or2_1)
                  0.09    0.47   11.98 v _13701_/X (sky130_fd_sc_hd__or2_1)
     1    0.00                           _10921_ (net)
                  0.09    0.00   11.98 v _13702_/B (sky130_fd_sc_hd__or2_2)
                  0.11    0.62   12.61 v _13702_/X (sky130_fd_sc_hd__or2_2)
     3    0.00                           _10922_ (net)
                  0.11    0.00   12.61 v _13703_/B (sky130_fd_sc_hd__or2_1)
                  0.09    0.46   13.07 v _13703_/X (sky130_fd_sc_hd__or2_1)
     1    0.00                           _10923_ (net)
                  0.09    0.00   13.07 v _13704_/B (sky130_fd_sc_hd__or2_1)
                  0.10    0.46   13.53 v _13704_/X (sky130_fd_sc_hd__or2_1)
     3    0.00                           _10924_ (net)
                  0.10    0.00   13.53 v _13705_/B (sky130_fd_sc_hd__or2_1)
                  0.09    0.45   13.99 v _13705_/X (sky130_fd_sc_hd__or2_1)
     1    0.00                           _10925_ (net)
                  0.09    0.00   13.99 v _13706_/B (sky130_fd_sc_hd__or2_2)
                  0.11    0.62   14.61 v _13706_/X (sky130_fd_sc_hd__or2_2)
     3    0.00                           _10926_ (net)
                  0.11    0.00   14.61 v _13707_/B (sky130_fd_sc_hd__or2_1)
                  0.09    0.45   15.06 v _13707_/X (sky130_fd_sc_hd__or2_1)
     1    0.00                           _10927_ (net)
                  0.09    0.00   15.06 v _13708_/B (sky130_fd_sc_hd__or2_2)
                  0.11    0.62   15.69 v _13708_/X (sky130_fd_sc_hd__or2_2)
     3    0.00                           _10928_ (net)
                  0.11    0.00   15.69 v _13709_/B (sky130_fd_sc_hd__or2_1)
                  0.09    0.47   16.16 v _13709_/X (sky130_fd_sc_hd__or2_1)
     1    0.00                           _10929_ (net)
                  0.09    0.00   16.16 v _13710_/B (sky130_fd_sc_hd__or2_1)
                  0.15    0.53   16.69 v _13710_/X (sky130_fd_sc_hd__or2_1)
     3    0.01                           _10930_ (net)
                  0.15    0.00   16.69 v _13711_/B (sky130_fd_sc_hd__or2_1)
                  0.09    0.47   17.16 v _13711_/X (sky130_fd_sc_hd__or2_1)
     1    0.00                           _10931_ (net)
                  0.09    0.00   17.16 v _13712_/B (sky130_fd_sc_hd__or2_2)
                  0.16    0.70   17.85 v _13712_/X (sky130_fd_sc_hd__or2_2)
     3    0.01                           _10932_ (net)
                  0.16    0.00   17.85 v _13713_/B (sky130_fd_sc_hd__or2_1)
                  0.09    0.48   18.33 v _13713_/X (sky130_fd_sc_hd__or2_1)
     1    0.00                           _10933_ (net)
                  0.09    0.00   18.33 v _13714_/B (sky130_fd_sc_hd__or2_1)
                  0.12    0.50   18.82 v _13714_/X (sky130_fd_sc_hd__or2_1)
     3    0.01                           _10934_ (net)
                  0.12    0.00   18.82 v _13715_/B (sky130_fd_sc_hd__or2_1)
                  0.09    0.47   19.29 v _13715_/X (sky130_fd_sc_hd__or2_1)
     1    0.00                           _10935_ (net)
                  0.09    0.00   19.29 v _13716_/B (sky130_fd_sc_hd__or2_2)
                  0.15    0.69   19.99 v _13716_/X (sky130_fd_sc_hd__or2_2)
     3    0.01                           _10936_ (net)
                  0.15    0.00   19.99 v _13717_/B (sky130_fd_sc_hd__or2_1)
                  0.09    0.48   20.47 v _13717_/X (sky130_fd_sc_hd__or2_1)
     1    0.00                           _10937_ (net)
                  0.09    0.00   20.47 v _13718_/B (sky130_fd_sc_hd__or2_2)
                  0.15    0.69   21.16 v _13718_/X (sky130_fd_sc_hd__or2_2)
     3    0.01                           _10938_ (net)
                  0.15    0.00   21.16 v _13719_/B (sky130_fd_sc_hd__or2_1)
                  0.09    0.48   21.64 v _13719_/X (sky130_fd_sc_hd__or2_1)
     1    0.00                           _10939_ (net)
                  0.09    0.00   21.64 v _13720_/B (sky130_fd_sc_hd__or2_2)
                  0.15    0.68   22.32 v _13720_/X (sky130_fd_sc_hd__or2_2)
     3    0.01                           _10940_ (net)
                  0.15    0.00   22.32 v _13721_/B (sky130_fd_sc_hd__or2_1)
                  0.10    0.49   22.81 v _13721_/X (sky130_fd_sc_hd__or2_1)
     1    0.00                           _10941_ (net)
                  0.10    0.00   22.81 v _13722_/B (sky130_fd_sc_hd__or2_1)
                  0.13    0.51   23.32 v _13722_/X (sky130_fd_sc_hd__or2_1)
     3    0.01                           _10942_ (net)
                  0.13    0.00   23.32 v _13723_/B (sky130_fd_sc_hd__or2_1)
                  0.09    0.46   23.78 v _13723_/X (sky130_fd_sc_hd__or2_1)
     1    0.00                           _10943_ (net)
                  0.09    0.00   23.78 v _13724_/B (sky130_fd_sc_hd__or2_1)
                  0.12    0.49   24.27 v _13724_/X (sky130_fd_sc_hd__or2_1)
     3    0.00                           _10944_ (net)
                  0.12    0.00   24.27 v _13725_/B (sky130_fd_sc_hd__or2_1)
                  0.09    0.46   24.73 v _13725_/X (sky130_fd_sc_hd__or2_1)
     1    0.00                           _10945_ (net)
                  0.09    0.00   24.73 v _13726_/B (sky130_fd_sc_hd__or2_1)
                  0.10    0.47   25.20 v _13726_/X (sky130_fd_sc_hd__or2_1)
     3    0.00                           _10946_ (net)
                  0.10    0.00   25.20 v _13727_/B (sky130_fd_sc_hd__or2_1)
                  0.09    0.45   25.65 v _13727_/X (sky130_fd_sc_hd__or2_1)
     1    0.00                           _10947_ (net)
                  0.09    0.00   25.65 v _13728_/B (sky130_fd_sc_hd__or2_2)
                  0.16    0.70   26.34 v _13728_/X (sky130_fd_sc_hd__or2_2)
     3    0.01                           _10948_ (net)
                  0.16    0.00   26.34 v _13729_/B (sky130_fd_sc_hd__or2_1)
                  0.10    0.49   26.84 v _13729_/X (sky130_fd_sc_hd__or2_1)
     1    0.00                           _10949_ (net)
                  0.10    0.00   26.84 v _13730_/B (sky130_fd_sc_hd__or2_1)
                  0.15    0.54   27.38 v _13730_/X (sky130_fd_sc_hd__or2_1)
     3    0.01                           _10950_ (net)
                  0.15    0.00   27.38 v _13731_/B (sky130_fd_sc_hd__or2_1)
                  0.09    0.47   27.85 v _13731_/X (sky130_fd_sc_hd__or2_1)
     1    0.00                           _10951_ (net)
                  0.09    0.00   27.85 v _13732_/B (sky130_fd_sc_hd__or2_2)
                  0.16    0.70   28.55 v _13732_/X (sky130_fd_sc_hd__or2_2)
     3    0.01                           _10952_ (net)
                  0.16    0.00   28.55 v _13733_/B (sky130_fd_sc_hd__or2_1)
                  0.09    0.48   29.02 v _13733_/X (sky130_fd_sc_hd__or2_1)
     1    0.00                           _10953_ (net)
                  0.09    0.00   29.02 v _13734_/B (sky130_fd_sc_hd__or2_1)
                  0.12    0.49   29.51 v _13734_/X (sky130_fd_sc_hd__or2_1)
     3    0.00                           _10954_ (net)
                  0.12    0.00   29.51 v _13735_/B (sky130_fd_sc_hd__or2_1)
                  0.09    0.46   29.97 v _13735_/X (sky130_fd_sc_hd__or2_1)
     1    0.00                           _10955_ (net)
                  0.09    0.00   29.97 v _13736_/B (sky130_fd_sc_hd__or2_1)
                  0.12    0.49   30.46 v _13736_/X (sky130_fd_sc_hd__or2_1)
     3    0.00                           _10956_ (net)
                  0.12    0.00   30.46 v _13737_/B (sky130_fd_sc_hd__or2_1)
                  0.10    0.48   30.95 v _13737_/X (sky130_fd_sc_hd__or2_1)
     1    0.00                           _10957_ (net)
                  0.10    0.00   30.95 v _13738_/B (sky130_fd_sc_hd__or2_1)
                  0.14    0.53   31.47 v _13738_/X (sky130_fd_sc_hd__or2_1)
     3    0.01                           _10958_ (net)
                  0.14    0.00   31.47 v _13739_/B (sky130_fd_sc_hd__or2_1)
                  0.09    0.47   31.94 v _13739_/X (sky130_fd_sc_hd__or2_1)
     1    0.00                           _10959_ (net)
                  0.09    0.00   31.94 v _13740_/B (sky130_fd_sc_hd__or2_2)
                  0.16    0.70   32.64 v _13740_/X (sky130_fd_sc_hd__or2_2)
     3    0.01                           _10960_ (net)
                  0.16    0.00   32.64 v _13741_/B (sky130_fd_sc_hd__or2_1)
                  0.10    0.49   33.14 v _13741_/X (sky130_fd_sc_hd__or2_1)
     1    0.00                           _10961_ (net)
                  0.10    0.00   33.14 v _13742_/B (sky130_fd_sc_hd__or2_2)
                  0.14    0.67   33.81 v _13742_/X (sky130_fd_sc_hd__or2_2)
     3    0.01                           _10962_ (net)
                  0.14    0.00   33.81 v _13743_/B (sky130_fd_sc_hd__or2_1)
                  0.09    0.47   34.27 v _13743_/X (sky130_fd_sc_hd__or2_1)
     1    0.00                           _10963_ (net)
                  0.09    0.00   34.27 v _13744_/B (sky130_fd_sc_hd__or2_2)
                  0.12    0.63   34.90 v _13744_/X (sky130_fd_sc_hd__or2_2)
     3    0.00                           _10964_ (net)
                  0.12    0.00   34.90 v _13745_/B (sky130_fd_sc_hd__or2_1)
                  0.09    0.46   35.36 v _13745_/X (sky130_fd_sc_hd__or2_1)
     1    0.00                           _10965_ (net)
                  0.09    0.00   35.36 v _13746_/B (sky130_fd_sc_hd__or2_2)
                  0.16    0.70   36.07 v _13746_/X (sky130_fd_sc_hd__or2_2)
     3    0.01                           _10966_ (net)
                  0.16    0.00   36.07 v _13747_/B (sky130_fd_sc_hd__or2_1)
                  0.09    0.47   36.54 v _13747_/X (sky130_fd_sc_hd__or2_1)
     1    0.00                           _10967_ (net)
                  0.09    0.00   36.54 v _13748_/B (sky130_fd_sc_hd__or2_2)
                  0.12    0.63   37.18 v _13748_/X (sky130_fd_sc_hd__or2_2)
     3    0.00                           _10968_ (net)
                  0.12    0.00   37.18 v _13749_/B (sky130_fd_sc_hd__or2_1)
                  0.09    0.46   37.64 v _13749_/X (sky130_fd_sc_hd__or2_1)
     1    0.00                           _10969_ (net)
                  0.09    0.00   37.64 v _13750_/B (sky130_fd_sc_hd__or2_1)
                  0.15    0.53   38.16 v _13750_/X (sky130_fd_sc_hd__or2_1)
     3    0.01                           _10970_ (net)
                  0.15    0.00   38.16 v _13751_/B (sky130_fd_sc_hd__or2_1)
                  0.10    0.49   38.65 v _13751_/X (sky130_fd_sc_hd__or2_1)
     1    0.00                           _10971_ (net)
                  0.10    0.00   38.65 v _13754_/B2 (sky130_fd_sc_hd__o221a_1)
                  0.09    0.40   39.05 v _13754_/X (sky130_fd_sc_hd__o221a_1)
     1    0.00                           _03928_ (net)
                  0.09    0.00   39.05 v _27762_/D (sky130_fd_sc_hd__dfxtp_1)
                                 39.05   data arrival time

                  0.00   24.73   24.73   clock clk (rise edge)
                          0.00   24.73   clock network delay (ideal)
                          0.00   24.73   clock reconvergence pessimism
                                 24.73 ^ _27762_/CLK (sky130_fd_sc_hd__dfxtp_1)
                         -0.30   24.43   library setup time
                                 24.43   data required time
-----------------------------------------------------------------------------
                                 24.43   data required time
                                -39.05   data arrival time
-----------------------------------------------------------------------------
                                -14.62   slack (VIOLATED)


